-------------------------------------------------------------------------------
Test set: OrderTest
-------------------------------------------------------------------------------
Tests run: 6, Failures: 1, Errors: 0, Skipped: 0, Time elapsed: 5.473 s <<< FAILURE! - in OrderTest
checkResponseAfterOrderPostWithoutAuthorizationTest(OrderTest)  Time elapsed: 0.256 s  <<< FAILURE!
java.lang.AssertionError: 
1 expectation failed.
JSON path message doesn't match.
Expected: You should be authorised
  Actual: null

	at OrderTest.checkResponseAfterOrderPostWithoutAuthorizationTest(OrderTest.java:35)

